<?xml version="1.0" encoding="UTF-8"?>
<!-- Generated by org.testng.reporters.JUnitReportReporter -->
<testsuite hostname="DESKTOP-027RU80" failures="0" tests="1" name="FooterFunTest.GetTOKnowFunTest" time="7.976" errors="0" timestamp="03 Oct 2023 08:23:06 GMT" skipped="0">
  <testcase classname="FooterFunTest.GetTOKnowFunTest" name="careersFun" time="7.976"/>
</testsuite> <!-- FooterFunTest.GetTOKnowFunTest -->
