<?xml version="1.0" encoding="UTF-8"?>
<!-- Generated by org.testng.reporters.JUnitReportReporter -->
<testsuite hostname="DESKTOP-027RU80" failures="0" tests="7" name="com.tests.HeaderFunTest.AmazonHeaderFunTest" time="43.332" errors="0" timestamp="01 Oct 2023 10:36:58 GMT" skipped="0">
  <testcase classname="com.tests.HeaderFunTest.AmazonHeaderFunTest" name="sellFunTest" time="6.537"/>
  <testcase classname="com.tests.HeaderFunTest.AmazonHeaderFunTest" name="amazonMiniFunTest" time="7.913"/>
  <testcase classname="com.tests.HeaderFunTest.AmazonHeaderFunTest" name="amazonpayFunTest" time="4.892"/>
  <testcase classname="com.tests.HeaderFunTest.AmazonHeaderFunTest" name="giftCardsFunTest" time="5.141"/>
  <testcase classname="com.tests.HeaderFunTest.AmazonHeaderFunTest" name="bestSellerFunTest" time="6.863"/>
  <testcase classname="com.tests.HeaderFunTest.AmazonHeaderFunTest" name="groceryGourmetFoodsFunTest" time="8.453"/>
  <testcase classname="com.tests.HeaderFunTest.AmazonHeaderFunTest" name="browingHistoryFunTest" time="3.533"/>
</testsuite> <!-- com.tests.HeaderFunTest.AmazonHeaderFunTest -->
