<?xml version="1.0" encoding="UTF-8"?>
<!-- Generated by org.testng.reporters.JUnitReportReporter -->
<testsuite hostname="DESKTOP-027RU80" failures="0" tests="1" name="com.tests.LocationChangeTest" time="5.745" errors="0" timestamp="30 Sep 2023 09:50:09 GMT" skipped="0">
  <testcase classname="com.tests.LocationChangeTest" name="locationChangeTest" time="5.745"/>
</testsuite> <!-- com.tests.LocationChangeTest -->
