<?xml version="1.0" encoding="UTF-8"?>
<!-- Generated by org.testng.reporters.JUnitReportReporter -->
<testsuite hostname="DESKTOP-027RU80" failures="0" tests="2" name="com.tests.SearchFunTest" time="10.805" errors="0" timestamp="22 Sep 2023 07:28:12 GMT" skipped="0">
  <testcase classname="com.tests.SearchFunTest" name="searchByInvalidDataTest" time="7.009"/>
  <testcase classname="com.tests.SearchFunTest" name="searchByValidInputTest" time="3.796"/>
</testsuite> <!-- com.tests.SearchFunTest -->
